<?xml version="1.0" encoding="UTF-8"?>
<!-- Generated by org.testng.reporters.JUnitXMLReporter -->
<testsuite ignored="6" hostname="DESKTOP-ROHIT95" failures="0" tests="5" name="Test" time="124.184" errors="0" timestamp="2021-12-27T17:20:19 IST">
  <testcase classname="com.crm.autodesk.contacttest.CreateContact" name="createContact" time="13.937"/>
  <testcase classname="com.crm.autodesk.contacttest.CreateContactWithOrg" name="createContactWithOrg" time="22.849"/>
  <testcase classname="com.crm.autodesk.orgtest.CreateOrgTest" name="createOrgTest" time="14.852"/>
  <testcase classname="com.crm.autodesk.orgtest.CreateOrgTest" name="demo" time="0.002"/>
  <testcase classname="com.crm.autodesk.orgtest.CreateOrgWithIndAndTypeTest" name="CreateOrgWithIndAndTypeTest" time="16.939"/>
  <testcase classname="com.crm.autodesk.genericUtility.BaseClass" name="@BeforeSuite dbConnection" time="0.0">
    <ignored/>
  </testcase> <!-- @BeforeSuite dbConnection -->
  <testcase classname="com.crm.autodesk.genericUtility.BaseClass" name="@BeforeSuite dbConnection" time="0.0">
    <ignored/>
  </testcase> <!-- @BeforeSuite dbConnection -->
  <testcase classname="com.crm.autodesk.genericUtility.BaseClass" name="@BeforeSuite dbConnection" time="0.0">
    <ignored/>
  </testcase> <!-- @BeforeSuite dbConnection -->
  <testcase classname="com.crm.autodesk.genericUtility.BaseClass" name="@AfterSuite closeDbConnection" time="0.0">
    <ignored/>
  </testcase> <!-- @AfterSuite closeDbConnection -->
  <testcase classname="com.crm.autodesk.genericUtility.BaseClass" name="@AfterSuite closeDbConnection" time="0.0">
    <ignored/>
  </testcase> <!-- @AfterSuite closeDbConnection -->
  <testcase classname="com.crm.autodesk.genericUtility.BaseClass" name="@AfterSuite closeDbConnection" time="0.0">
    <ignored/>
  </testcase> <!-- @AfterSuite closeDbConnection -->
</testsuite> <!-- Test -->
