<?xml version="1.0" encoding="UTF-8"?>
<!-- Generated by org.testng.reporters.JUnitXMLReporter -->
<testsuite ignored="2" hostname="DESKTOP-ROHIT95" failures="0" tests="2" name="TestRunner-1" time="93.169" errors="0" timestamp="2021-12-27T15:00:57 IST">
  <testcase classname="com.crm.autodesk.contacttest.CreateContact" name="createContact" time="19.854"/>
  <testcase classname="com.crm.autodesk.contacttest.CreateContactWithOrg" name="createContactWithOrg" time="38.896"/>
  <testcase classname="com.crm.autodesk.genericUtility.BaseClass" name="@BeforeSuite dbConnection" time="0.0">
    <ignored/>
  </testcase> <!-- @BeforeSuite dbConnection -->
  <testcase classname="com.crm.autodesk.genericUtility.BaseClass" name="@AfterSuite closeDbConnection" time="0.0">
    <ignored/>
  </testcase> <!-- @AfterSuite closeDbConnection -->
</testsuite> <!-- TestRunner-1 -->
