<?xml version="1.0" encoding="UTF-8"?>
<testng-results ignored="0" total="1" passed="1" failed="0" skipped="0">
  <reporter-output>
  </reporter-output>
  <suite started-at="2021-12-30T18:11:42 IST" name="Default suite" finished-at="2021-12-30T18:12:53 IST" duration-ms="71022">
    <groups>
      <group name="RegressionSuite">
        <method signature="CreateOrgWithIndAndTypeTest.CreateOrgWithIndAndTypeTest()[pri:0, instance:com.crm.autodesk.orgtest.CreateOrgWithIndAndTypeTest@1e04fa0a]" name="CreateOrgWithIndAndTypeTest" class="com.crm.autodesk.orgtest.CreateOrgWithIndAndTypeTest"/>
      </group> <!-- RegressionSuite -->
    </groups>
    <test started-at="2021-12-30T18:11:42 IST" name="Default test" finished-at="2021-12-30T18:12:53 IST" duration-ms="71022">
      <class name="com.crm.autodesk.orgtest.CreateOrgWithIndAndTypeTest">
        <test-method is-config="true" signature="dbConnection()[pri:0, instance:com.crm.autodesk.orgtest.CreateOrgWithIndAndTypeTest@1e04fa0a]" started-at="2021-12-30T18:11:42 IST" name="dbConnection" finished-at="2021-12-30T18:11:42 IST" duration-ms="10" status="PASS">
          <reporter-output>
          </reporter-output>
        </test-method> <!-- dbConnection -->
        <test-method is-config="true" signature="launchBrowser()[pri:0, instance:com.crm.autodesk.orgtest.CreateOrgWithIndAndTypeTest@1e04fa0a]" started-at="2021-12-30T18:11:42 IST" name="launchBrowser" finished-at="2021-12-30T18:12:03 IST" duration-ms="21873" status="PASS">
          <reporter-output>
          </reporter-output>
        </test-method> <!-- launchBrowser -->
        <test-method is-config="true" signature="loginToApp()[pri:0, instance:com.crm.autodesk.orgtest.CreateOrgWithIndAndTypeTest@1e04fa0a]" started-at="2021-12-30T18:12:04 IST" name="loginToApp" finished-at="2021-12-30T18:12:18 IST" duration-ms="14222" status="PASS">
          <reporter-output>
          </reporter-output>
        </test-method> <!-- loginToApp -->
        <test-method signature="CreateOrgWithIndAndTypeTest()[pri:0, instance:com.crm.autodesk.orgtest.CreateOrgWithIndAndTypeTest@1e04fa0a]" started-at="2021-12-30T18:12:18 IST" name="CreateOrgWithIndAndTypeTest" finished-at="2021-12-30T18:12:48 IST" duration-ms="30220" status="PASS">
          <reporter-output>
          </reporter-output>
        </test-method> <!-- CreateOrgWithIndAndTypeTest -->
        <test-method is-config="true" signature="logoutofApp()[pri:0, instance:com.crm.autodesk.orgtest.CreateOrgWithIndAndTypeTest@1e04fa0a]" started-at="2021-12-30T18:12:48 IST" name="logoutofApp" finished-at="2021-12-30T18:12:51 IST" duration-ms="3071" status="PASS">
          <reporter-output>
          </reporter-output>
        </test-method> <!-- logoutofApp -->
        <test-method is-config="true" signature="closeBrowser()[pri:0, instance:com.crm.autodesk.orgtest.CreateOrgWithIndAndTypeTest@1e04fa0a]" started-at="2021-12-30T18:12:51 IST" name="closeBrowser" finished-at="2021-12-30T18:12:53 IST" duration-ms="1436" status="PASS">
          <reporter-output>
          </reporter-output>
        </test-method> <!-- closeBrowser -->
        <test-method is-config="true" signature="closeDbConnection()[pri:0, instance:com.crm.autodesk.orgtest.CreateOrgWithIndAndTypeTest@1e04fa0a]" started-at="2021-12-30T18:12:53 IST" name="closeDbConnection" finished-at="2021-12-30T18:12:53 IST" duration-ms="1" status="PASS">
          <reporter-output>
          </reporter-output>
        </test-method> <!-- closeDbConnection -->
      </class> <!-- com.crm.autodesk.orgtest.CreateOrgWithIndAndTypeTest -->
    </test> <!-- Default test -->
  </suite> <!-- Default suite -->
</testng-results>
